<?xml version="1.0" encoding="UTF-8"?>
<!-- Generated by org.testng.reporters.JUnitReportReporter -->
<testsuite skipped="0" hostname="ChethanBidare-pc" name="com.Ecolite_Web.Ecolite_Accounts.test" tests="1" failures="0" timestamp="28 Sep 2017 06:16:38 GMT" time="27.997" errors="0">
  <testcase name="checkSales" time="27.997" classname="com.Ecolite_Web.Ecolite_Accounts.test"/>
</testsuite> <!-- com.Ecolite_Web.Ecolite_Accounts.test -->
