<?xml version="1.0" encoding="UTF-8"?>
<!-- Generated by org.testng.reporters.JUnitReportReporter -->
<testsuite skipped="0" hostname="ChethanBidare-pc" name="com.Ecolite_Web.Ecolite_Sales.TC_002_VerifyCustomerNameInCartPage" tests="1" failures="0" timestamp="05 Oct 2017 11:53:12 GMT" time="14.523" errors="0">
  <testcase name="VerifyCustomerNameInCartPag" time="14.523" classname="com.Ecolite_Web.Ecolite_Sales.TC_002_VerifyCustomerNameInCartPage"/>
</testsuite> <!-- com.Ecolite_Web.Ecolite_Sales.TC_002_VerifyCustomerNameInCartPage -->
