<?xml version="1.0" encoding="UTF-8"?>
<!-- Generated by org.testng.reporters.JUnitReportReporter -->
<testsuite skipped="0" hostname="Arbiya-Maitems" name="com.Ecolite_Web.Ecolite_Sales.TC_013_VerifyAddNewBatch" tests="1" failures="0" timestamp="07 Oct 2017 15:52:26 GMT" time="46.184" errors="0">
  <testcase name="VerifyAddNewBatch" time="46.184" classname="com.Ecolite_Web.Ecolite_Sales.TC_013_VerifyAddNewBatch"/>
</testsuite> <!-- com.Ecolite_Web.Ecolite_Sales.TC_013_VerifyAddNewBatch -->
