<?xml version="1.0" encoding="UTF-8"?>
<!-- Generated by org.testng.reporters.JUnitReportReporter -->
<<<<<<< HEAD
<testsuite skipped="0" hostname="Arbiya-Maitems" name="com.Ecolite_Web.Ecolite_Sales.TC_005_VerifyDeletionOfItemsInCartPage" tests="1" failures="0" timestamp="04 Oct 2017 16:23:18 GMT" time="45.212" errors="0">
  <testcase name="VerifyDeleteOptionInCart" time="45.212" classname="com.Ecolite_Web.Ecolite_Sales.TC_005_VerifyDeletionOfItemsInCartPage"/>
=======
<testsuite skipped="0" hostname="ChethanBidare-pc" name="com.Ecolite_Web.Ecolite_Sales.TC_005_VerifyDeletionOfItemsInCartPage" tests="1" failures="0" timestamp="05 Oct 2017 11:53:12 GMT" time="30.218" errors="0">
  <testcase name="VerifyDeleteOptionInCart" time="30.218" classname="com.Ecolite_Web.Ecolite_Sales.TC_005_VerifyDeletionOfItemsInCartPage"/>
>>>>>>> 47c4b2067044d4bfd9360653ffab33804775259f
</testsuite> <!-- com.Ecolite_Web.Ecolite_Sales.TC_005_VerifyDeletionOfItemsInCartPage -->
