<?xml version="1.0" encoding="UTF-8"?>
<!-- Generated by org.testng.reporters.JUnitReportReporter -->
<testsuite skipped="0" hostname="ChethanBidare-pc" name="com.Ecolite_Web.Ecolite_Sales.TC_008_VerifyTotalItemsCount" tests="1" failures="0" timestamp="05 Oct 2017 11:37:17 GMT" time="75.822" errors="0">
  <testcase name="VerifyItemCount" time="75.822" classname="com.Ecolite_Web.Ecolite_Sales.TC_008_VerifyTotalItemsCount"/>
</testsuite> <!-- com.Ecolite_Web.Ecolite_Sales.TC_008_VerifyTotalItemsCount -->
