<?xml version="1.0" encoding="UTF-8"?>
<!-- Generated by org.testng.reporters.JUnitReportReporter -->
<testsuite skipped="0" hostname="Arbiya-Maitems" name="com.Ecolite_Web.Ecolite_Sales.TC_001_AddItemsToCart" tests="1" failures="0" timestamp="29 Sep 2017 11:44:47 GMT" time="55.733" errors="0">
  <testcase name="CheckItemsAddedToCart" time="55.733" classname="com.Ecolite_Web.Ecolite_Sales.TC_001_AddItemsToCart"/>
</testsuite> <!-- com.Ecolite_Web.Ecolite_Sales.TC_001_AddItemsToCart -->
