<?xml version="1.0" encoding="UTF-8"?>
<!-- Generated by org.testng.reporters.JUnitReportReporter -->
<testsuite skipped="0" hostname="ChethanBidare-pc" name="com.Ecolite_Web.Ecolite_Login.TC_001_LoginTest_WithValidData" tests="1" failures="0" timestamp="27 Sep 2017 06:42:27 GMT" time="10.118" errors="0">
  <testcase name="LoginTest" time="10.118" classname="com.Ecolite_Web.Ecolite_Login.TC_001_LoginTest_WithValidData"/>
</testsuite> <!-- com.Ecolite_Web.Ecolite_Login.TC_001_LoginTest_WithValidData -->
