<?xml version="1.0" encoding="UTF-8"?>
<!-- Generated by org.testng.reporters.JUnitReportReporter -->
<testsuite skipped="0" hostname="ChethanBidare-pc" name="com.Ecolite_Web.Ecolite_Sales.TC_014_VerifySalesStart" tests="1" failures="0" timestamp="09 Oct 2017 06:59:11 GMT" time="12.303" errors="0">
  <testcase name="VerifySalesReturnStart" time="12.303" classname="com.Ecolite_Web.Ecolite_Sales.TC_014_VerifySalesStart"/>
</testsuite> <!-- com.Ecolite_Web.Ecolite_Sales.TC_014_VerifySalesStart -->
