<?xml version="1.0" encoding="UTF-8"?>
<!-- Generated by org.testng.reporters.JUnitReportReporter -->
<testsuite skipped="0" hostname="ChethanBidare-pc" name="com.Ecolite_Web.Ecolite_Sales.TC_011_VerifyPaymentMode_Card" tests="1" failures="0" timestamp="09 Oct 2017 06:15:13 GMT" time="29.801" errors="0">
  <testcase name="VerifyPaymentMode_Card" time="29.801" classname="com.Ecolite_Web.Ecolite_Sales.TC_011_VerifyPaymentMode_Card"/>
</testsuite> <!-- com.Ecolite_Web.Ecolite_Sales.TC_011_VerifyPaymentMode_Card -->
