<?xml version="1.0" encoding="UTF-8"?>
<!-- Generated by org.testng.reporters.JUnitReportReporter -->
<testsuite skipped="0" hostname="ChethanBidare-pc" name="com.Ecolite_Web.Ecolite_Sales.TC_001_VerifyItemsAddedIsPresentInCart" tests="1" failures="0" timestamp="03 Oct 2017 04:58:12 GMT" time="46.274" errors="0">
  <testcase name="CheckItemsAddedToCart" time="46.274" classname="com.Ecolite_Web.Ecolite_Sales.TC_001_VerifyItemsAddedIsPresentInCart"/>
</testsuite> <!-- com.Ecolite_Web.Ecolite_Sales.TC_001_VerifyItemsAddedIsPresentInCart -->
