<?xml version="1.0" encoding="UTF-8"?>
<!-- Generated by org.testng.reporters.JUnitReportReporter -->
<testsuite skipped="0" hostname="ChethanBidare-pc" name="com.Ecolite_Web.Ecolite_Sales.TC_004_VerifyStockAfterSale" tests="1" failures="0" timestamp="05 Oct 2017 11:53:12 GMT" time="25.061" errors="0">
  <testcase name="VerifyStockAfterSale" time="25.061" classname="com.Ecolite_Web.Ecolite_Sales.TC_004_VerifyStockAfterSale"/>
</testsuite> <!-- com.Ecolite_Web.Ecolite_Sales.TC_004_VerifyStockAfterSale -->
