<?xml version="1.0" encoding="UTF-8"?>
<!-- Generated by org.testng.reporters.JUnitReportReporter -->
<testsuite skipped="0" hostname="ChethanBidare-pc" name="com.Ecolite_Web.Ecolite_Sales.TC_004_VerifyStockAfterSale" tests="1" failures="0" timestamp="03 Oct 2017 04:58:12 GMT" time="24.156" errors="0">
  <testcase name="VerifyStockAfterSale" time="24.156" classname="com.Ecolite_Web.Ecolite_Sales.TC_004_VerifyStockAfterSale"/>
</testsuite> <!-- com.Ecolite_Web.Ecolite_Sales.TC_004_VerifyStockAfterSale -->
