<?xml version="1.0" encoding="UTF-8"?>
<!-- Generated by org.testng.reporters.JUnitReportReporter -->
<testsuite skipped="0" hostname="ChethanBidare-pc" name="com.Ecolite_Web.Ecolite_Sales.TC_013_VerifyAddNewBatch" tests="1" failures="0" timestamp="07 Oct 2017 11:43:08 GMT" time="20.386" errors="0">
  <testcase name="VerifyAddNewBatch" time="20.386" classname="com.Ecolite_Web.Ecolite_Sales.TC_013_VerifyAddNewBatch"/>
</testsuite> <!-- com.Ecolite_Web.Ecolite_Sales.TC_013_VerifyAddNewBatch -->
