<?xml version="1.0" encoding="UTF-8"?>
<!-- Generated by org.testng.reporters.JUnitReportReporter -->
<testsuite skipped="0" hostname="ChethanBidare-pc" name="com.Ecolite_Web.Ecolite_Sales.TC_009_VerifyTotalAmountInCheckOutPage" tests="1" failures="0" timestamp="06 Oct 2017 06:33:58 GMT" time="77.272" errors="0">
  <testcase name="VerifyTotalAmount" time="77.272" classname="com.Ecolite_Web.Ecolite_Sales.TC_009_VerifyTotalAmountInCheckOutPage"/>
</testsuite> <!-- com.Ecolite_Web.Ecolite_Sales.TC_009_VerifyTotalAmountInCheckOutPage -->
