<?xml version="1.0" encoding="UTF-8"?>
<!-- Generated by org.testng.reporters.JUnitReportReporter -->
<testsuite skipped="0" hostname="ChethanBidare-pc" name="com.Ecolite_Web.Ecolite_Masters.TC_002_AddNew_Supplier" tests="1" failures="0" timestamp="23 Sep 2017 04:37:17 GMT" time="20.466" errors="0">
  <testcase name="AddNewSupplier_Test" time="20.466" classname="com.Ecolite_Web.Ecolite_Masters.TC_002_AddNew_Supplier"/>
</testsuite> <!-- com.Ecolite_Web.Ecolite_Masters.TC_002_AddNew_Supplier -->
