<?xml version="1.0" encoding="UTF-8"?>
<!-- Generated by org.testng.reporters.JUnitReportReporter -->
<testsuite skipped="0" hostname="ChethanBidare-pc" name="com.Ecolite_Web.Ecolite_Sales.TC_011_VerifyPaymentMode_Card" tests="1" failures="0" timestamp="06 Oct 2017 09:29:27 GMT" time="26.674" errors="0">
  <testcase name="VerifyPaymentMode_Cash" time="26.674" classname="com.Ecolite_Web.Ecolite_Sales.TC_011_VerifyPaymentMode_Card"/>
</testsuite> <!-- com.Ecolite_Web.Ecolite_Sales.TC_011_VerifyPaymentMode_Card -->
