<?xml version="1.0" encoding="UTF-8"?>
<!-- Generated by org.testng.reporters.JUnitReportReporter -->
<testsuite skipped="0" hostname="ChethanBidare-pc" name="com.Ecolite_Web.Ecolite_Sales.TC_015_VerifySalesAfterAddNewBatch" tests="1" failures="0" timestamp="10 Oct 2017 06:20:18 GMT" time="43.369" errors="0">
  <testcase name="VerifySalesReturnAfterAddNewBatch" time="43.369" classname="com.Ecolite_Web.Ecolite_Sales.TC_015_VerifySalesAfterAddNewBatch"/>
</testsuite> <!-- com.Ecolite_Web.Ecolite_Sales.TC_015_VerifySalesAfterAddNewBatch -->
