<?xml version="1.0" encoding="UTF-8"?>
<!-- Generated by org.testng.reporters.JUnitReportReporter -->
<testsuite skipped="0" hostname="ChethanBidare-pc" name="com.Ecolite_Web.Ecolite_Sales.TC_002_VerifyCustomerNameInCartPage" tests="1" failures="0" timestamp="09 Oct 2017 06:15:13 GMT" time="13.857" errors="0">
  <testcase name="VerifyCustomerNameInCartPag" time="13.857" classname="com.Ecolite_Web.Ecolite_Sales.TC_002_VerifyCustomerNameInCartPage"/>
</testsuite> <!-- com.Ecolite_Web.Ecolite_Sales.TC_002_VerifyCustomerNameInCartPage -->
