<?xml version="1.0" encoding="UTF-8"?>
<!-- Generated by org.testng.reporters.JUnitReportReporter -->
<testsuite skipped="0" hostname="ChethanBidare-pc" name="com.Ecolite_Web.Ecolite_Purchase.TC_002_VerifyItemSearchInPurchase" tests="1" failures="0" timestamp="11 Oct 2017 12:27:50 GMT" time="26.110" errors="0">
  <testcase name="VerifyItemSearchInPurchase" time="26.110" classname="com.Ecolite_Web.Ecolite_Purchase.TC_002_VerifyItemSearchInPurchase"/>
</testsuite> <!-- com.Ecolite_Web.Ecolite_Purchase.TC_002_VerifyItemSearchInPurchase -->
