<?xml version="1.0" encoding="UTF-8"?>
<!-- Generated by org.testng.reporters.JUnitReportReporter -->
<testsuite skipped="0" hostname="ChethanBidare-pc" name="com.Ecolite_Web.Ecolite_Accounts.test" tests="1" failures="0" timestamp="28 Sep 2017 08:52:27 GMT" time="57.334" errors="0">
  <testcase name="checkSales" time="57.334" classname="com.Ecolite_Web.Ecolite_Accounts.test"/>
</testsuite> <!-- com.Ecolite_Web.Ecolite_Accounts.test -->
