<?xml version="1.0" encoding="UTF-8"?>
<!-- Generated by org.testng.reporters.JUnitReportReporter -->
<testsuite skipped="0" hostname="ChethanBidare-pc" name="com.Ecolite_Web.Ecolite_Sales.TC_003_VerifyCustomerNameInCheckOutPage" tests="1" failures="0" timestamp="09 Oct 2017 06:15:13 GMT" time="26.397" errors="0">
  <testcase name="VerifyCustomerNameInCartPag" time="26.397" classname="com.Ecolite_Web.Ecolite_Sales.TC_003_VerifyCustomerNameInCheckOutPage"/>
</testsuite> <!-- com.Ecolite_Web.Ecolite_Sales.TC_003_VerifyCustomerNameInCheckOutPage -->
