<?xml version="1.0" encoding="UTF-8"?>
<!-- Generated by org.testng.reporters.JUnitReportReporter -->
<testsuite skipped="0" hostname="ChethanBidare-pc" name="com.Ecolite_Web.Ecolite_Masters.TC_001_AddNew_Customer" tests="1" failures="0" timestamp="23 Sep 2017 04:37:17 GMT" time="62.487" errors="0">
  <testcase name="AddNewCustomer_Test" time="62.487" classname="com.Ecolite_Web.Ecolite_Masters.TC_001_AddNew_Customer"/>
</testsuite> <!-- com.Ecolite_Web.Ecolite_Masters.TC_001_AddNew_Customer -->
