<?xml version="1.0" encoding="UTF-8"?>
<!-- Generated by org.testng.reporters.JUnitReportReporter -->
<testsuite skipped="0" hostname="ChethanBidare-pc" name="com.Ecolite_Web.Ecolite_Sales.TC_009_VerifyTotalAmountInCheckOutPage" tests="1" failures="0" timestamp="09 Oct 2017 06:15:13 GMT" time="83.229" errors="0">
  <testcase name="VerifyTotalAmount" time="83.229" classname="com.Ecolite_Web.Ecolite_Sales.TC_009_VerifyTotalAmountInCheckOutPage"/>
</testsuite> <!-- com.Ecolite_Web.Ecolite_Sales.TC_009_VerifyTotalAmountInCheckOutPage -->
