<?xml version="1.0" encoding="UTF-8"?>
<!-- Generated by org.testng.reporters.JUnitReportReporter -->
<testsuite skipped="0" hostname="Arbiya-Maitems" name="com.Ecolite_Web.Ecolite_Sales.TC_004_VerifyStockAfterSale" tests="1" failures="0" timestamp="02 Oct 2017 18:10:03 GMT" time="38.640" errors="0">
  <testcase name="VerifyStockAfterSale" time="38.640" classname="com.Ecolite_Web.Ecolite_Sales.TC_004_VerifyStockAfterSale"/>
</testsuite> <!-- com.Ecolite_Web.Ecolite_Sales.TC_004_VerifyStockAfterSale -->
