<?xml version="1.0" encoding="UTF-8"?>
<!-- Generated by org.testng.reporters.JUnitReportReporter -->
<testsuite skipped="0" hostname="ChethanBidare-pc" name="com.Ecolite_Web.Ecolite_Sales.TC_005_VerifyDeletionOfItemsInCartPage" tests="1" failures="0" timestamp="09 Oct 2017 06:15:13 GMT" time="30.348" errors="0">
  <testcase name="VerifyDeleteOptionInCart" time="30.348" classname="com.Ecolite_Web.Ecolite_Sales.TC_005_VerifyDeletionOfItemsInCartPage"/>
</testsuite> <!-- com.Ecolite_Web.Ecolite_Sales.TC_005_VerifyDeletionOfItemsInCartPage -->
