<?xml version="1.0" encoding="UTF-8"?>
<!-- Generated by org.testng.reporters.JUnitReportReporter -->
<testsuite skipped="0" hostname="ChethanBidare-pc" name="com.Ecolite_Web.Ecolite_Sales.TC_016_VerifyItemSearchInSales" tests="1" failures="0" timestamp="11 Oct 2017 12:18:51 GMT" time="19.916" errors="0">
  <testcase name="VerifyItemSearchInSales" time="19.916" classname="com.Ecolite_Web.Ecolite_Sales.TC_016_VerifyItemSearchInSales"/>
</testsuite> <!-- com.Ecolite_Web.Ecolite_Sales.TC_016_VerifyItemSearchInSales -->
