<?xml version="1.0" encoding="UTF-8"?>
<!-- Generated by org.testng.reporters.JUnitReportReporter -->
<testsuite skipped="0" hostname="ChethanBidare-pc" name="com.Ecolite_Web.Ecolite_SalesReturn.TC_001_VerifySalesReturnStart" tests="1" failures="0" timestamp="09 Oct 2017 06:54:15 GMT" time="12.473" errors="0">
  <testcase name="VerifySalesReturnStart" time="12.473" classname="com.Ecolite_Web.Ecolite_SalesReturn.TC_001_VerifySalesReturnStart"/>
</testsuite> <!-- com.Ecolite_Web.Ecolite_SalesReturn.TC_001_VerifySalesReturnStart -->
